\BOOKMARK [1][-]{section.1}{\376\377\000I\000N\000T\000R\000O\000D\000U\000\307\000\303\000O}{}% 1
\BOOKMARK [2][-]{subsection.1.1}{\376\377\000C\000o\000n\000s\000i\000d\000e\000r\000a\000\347\000\365\000e\000s\000\040\000s\000o\000b\000r\000e\000\040\000C\000a\000r\000r\000e\000i\000r\000a}{section.1}% 2
\BOOKMARK [1][-]{section.2}{\376\377\000C\000I\000\312\000N\000C\000I\000A\000\040\000D\000E\000\040\000R\000E\000D\000E\000S}{}% 3
\BOOKMARK [2][-]{subsection.2.1}{\376\377\000R\000e\000d\000e\000s\000\040\000A\000l\000e\000a\000t\000\363\000r\000i\000a\000s\000\040\000e\000\040\000R\000e\000d\000e\000s\000\040\000R\000e\000a\000i\000s}{section.2}% 4
\BOOKMARK [2][-]{subsection.2.2}{\376\377\000C\000o\000n\000c\000e\000i\000t\000o\000s\000\040\000d\000e\000\040\000R\000e\000d\000e\000s}{section.2}% 5
\BOOKMARK [2][-]{subsection.2.3}{\376\377\000M\000o\000d\000e\000l\000o\000s\000\040\000d\000e\000\040\000R\000e\000d\000e\000s\000\040\000A\000l\000e\000a\000t\000\363\000r\000i\000a\000s}{section.2}% 6
\BOOKMARK [3][-]{subsubsection.2.3.1}{\376\377\000M\000o\000d\000e\000l\000o\000\040\000d\000e\000\040\000E\000r\000d\001\121\000s\000-\000R\000\351\000n\000y\000i}{subsection.2.3}% 7
\BOOKMARK [3][-]{subsubsection.2.3.2}{\376\377\000M\000o\000d\000e\000l\000o\000\040\000d\000e\000\040\000W\000a\000t\000t\000s\000-\000S\000t\000r\000o\000g\000a\000t\000z}{subsection.2.3}% 8
\BOOKMARK [3][-]{subsubsection.2.3.3}{\376\377\000M\000o\000d\000e\000l\000o\000\040\000d\000e\000\040\000B\000a\000r\000a\000b\000\341\000s\000i\000-\000A\000l\000b\000e\000r\000t}{subsection.2.3}% 9
\BOOKMARK [3][-]{subsubsection.2.3.4}{\376\377\000M\000o\000d\000e\000l\000o\000\040\000d\000e\000\040\000C\000o\000n\000f\000i\000g\000u\000r\000a\000\347\000\343\000o}{subsection.2.3}% 10
\BOOKMARK [3][-]{subsubsection.2.3.5}{\376\377\000M\000o\000d\000e\000l\000o\000\040\000d\000e\000\040\000C\000o\000n\000f\000i\000g\000u\000r\000a\000\347\000\343\000o\000\040\000P\000o\000n\000d\000e\000r\000a\000d\000a}{subsection.2.3}% 11
\BOOKMARK [3][-]{subsubsection.2.3.6}{\376\377\000M\000o\000d\000e\000l\000o\000\040\000A\000l\000e\000a\000t\000\363\000r\000i\000o\000\040\000d\000e\000\040\000P\000r\000e\000s\000e\000r\000v\000a\000\347\000\343\000o\000\040\000d\000e\000\040\000G\000r\000a\000u}{subsection.2.3}% 12
\BOOKMARK [3][-]{subsubsection.2.3.7}{\376\377\000M\000o\000d\000e\000l\000o\000\040\000A\000l\000e\000a\000t\000\363\000r\000i\000o\000\040\000d\000e\000\040\000P\000r\000e\000s\000e\000r\000v\000a\000\347\000\343\000o\000\040\000d\000e\000\040\000F\000o\000r\000\347\000a}{subsection.2.3}% 13
\BOOKMARK [3][-]{subsubsection.2.3.8}{\376\377\000M\000o\000d\000e\000l\000o\000\040\000d\000e\000\040\000P\000a\000r\000\342\000m\000e\000t\000r\000o\000\040\000O\000c\000u\000l\000t\000o}{subsection.2.3}% 14
\BOOKMARK [3][-]{subsubsection.2.3.9}{\376\377\000M\000o\000d\000e\000l\000o\000\040\000d\000e\000\040\000X\000u\000l\000v\000i\000-\000B\000r\000u\000n\000e\000t\000\040\000e\000\040\000S\000o\000k\000o\000l\000o\000v}{subsection.2.3}% 15
\BOOKMARK [2][-]{subsection.2.4}{\376\377\000M\000\351\000t\000r\000i\000c\000a\000s}{section.2}% 16
\BOOKMARK [3][-]{subsubsection.2.4.1}{\376\377\000D\000i\000s\000t\000\342\000n\000c\000i\000a\000\040\000G\000e\000o\000d\000\351\000s\000i\000c\000a}{subsection.2.4}% 17
\BOOKMARK [3][-]{subsubsection.2.4.2}{\376\377\000C\000e\000n\000t\000r\000a\000l\000i\000d\000a\000d\000e\000\040\000d\000e\000\040\000G\000r\000a\000u\000\040\000e\000\040\000F\000o\000r\000\347\000a}{subsection.2.4}% 18
\BOOKMARK [3][-]{subsubsection.2.4.3}{\376\377\000D\000i\000s\000t\000r\000i\000b\000u\000i\000\347\000\343\000o\000\040\000d\000e\000\040\000G\000r\000a\000u\000s\000\040\000e\000\040\000F\000o\000r\000\347\000a\000s}{subsection.2.4}% 19
\BOOKMARK [3][-]{subsubsection.2.4.4}{\376\377\000C\000e\000n\000t\000r\000a\000l\000i\000d\000a\000d\000e\000\040\000d\000e\000\040\000P\000r\000o\000x\000i\000m\000i\000d\000a\000d\000e}{subsection.2.4}% 20
\BOOKMARK [3][-]{subsubsection.2.4.5}{\376\377\000C\000e\000n\000t\000r\000a\000l\000i\000d\000a\000d\000e\000\040\000d\000e\000\040\000I\000n\000t\000e\000r\000m\000e\000d\000i\000a\000\347\000\343\000o}{subsection.2.4}% 21
\BOOKMARK [3][-]{subsubsection.2.4.6}{\376\377\000C\000o\000e\000f\000i\000c\000i\000e\000n\000t\000e\000\040\000d\000e\000\040\000A\000g\000r\000u\000p\000a\000m\000e\000n\000t\000o}{subsection.2.4}% 22
\BOOKMARK [3][-]{subsubsection.2.4.7}{\376\377\000R\000e\000c\000i\000p\000r\000o\000c\000i\000d\000a\000d\000e\000\040\000d\000e\000\040\000C\000o\000n\000e\000x\000\365\000e\000s}{subsection.2.4}% 23
\BOOKMARK [3][-]{subsubsection.2.4.8}{\376\377\000A\000s\000s\000o\000r\000t\000a\000t\000i\000v\000i\000d\000a\000d\000e}{subsection.2.4}% 24
\BOOKMARK [3][-]{subsubsection.2.4.9}{\376\377\000S\000i\000m\000i\000l\000a\000r\000i\000d\000a\000d\000e}{subsection.2.4}% 25
\BOOKMARK [3][-]{subsubsection.2.4.10}{\376\377\000M\000o\000d\000u\000l\000a\000r\000i\000d\000a\000d\000e}{subsection.2.4}% 26
\BOOKMARK [2][-]{subsection.2.5}{\376\377\000D\000e\000t\000e\000c\000\347\000\343\000o\000\040\000d\000e\000\040\000C\000o\000m\000u\000n\000i\000d\000a\000d\000e}{section.2}% 27
\BOOKMARK [2][-]{subsection.2.6}{\376\377\000F\000l\000u\000x\000o\000\040\000e\000m\000\040\000R\000e\000d\000e\000s}{section.2}% 28
\BOOKMARK [3][-]{subsubsection.2.6.1}{\376\377\000M\000e\000d\000i\000d\000a\000\040\000d\000e\000\040\000f\000l\000u\000x\000o\000\040\000d\000e\000\040\000e\000n\000t\000r\000a\000d\000a\000\040\000v\000s\000\040\000s\000a\000\355\000d\000a}{subsection.2.6}% 29
\BOOKMARK [2][-]{subsection.2.7}{\376\377\000P\000r\000o\000p\000r\000i\000e\000d\000a\000d\000e\000s\000\040\000T\000o\000p\000o\000l\000\363\000g\000i\000c\000a\000s}{section.2}% 30
\BOOKMARK [3][-]{subsubsection.2.7.1}{\376\377\000M\000u\000n\000d\000o\000\040\000P\000e\000q\000u\000e\000n\000o}{subsection.2.7}% 31
\BOOKMARK [3][-]{subsubsection.2.7.2}{\376\377\000S\000e\000m\000\040\000e\000s\000c\000a\000l\000a}{subsection.2.7}% 32
\BOOKMARK [1][-]{section.3}{\376\377\000O\000\040\000M\000A\000P\000A\000\040\000D\000E\000\040\000C\000A\000R\000R\000E\000I\000R\000A\000S}{}% 33
\BOOKMARK [2][-]{subsection.3.1}{\376\377\000I\000n\000t\000r\000o\000d\000u\000\347\000\343\000o}{section.3}% 34
\BOOKMARK [2][-]{subsection.3.2}{\376\377\000O\000\040\000P\000r\000o\000c\000e\000s\000s\000o\000\040\000d\000e\000\040\000C\000o\000n\000s\000t\000r\000u\000\347\000\343\000o\000\040\000d\000o\000\040\000M\000a\000p\000a\000\040\000d\000e\000\040\000C\000a\000r\000r\000e\000i\000r\000a\000s}{section.3}% 35
\BOOKMARK [3][-]{subsubsection.3.2.1}{\376\377\000O\000s\000\040\000D\000a\000d\000o\000s}{subsection.3.2}% 36
\BOOKMARK [3][-]{subsubsection.3.2.2}{\376\377\000O\000\040\000P\000r\000o\000c\000e\000s\000s\000a\000m\000e\000n\000t\000o\000\040\000d\000a\000\040\000I\000n\000f\000o\000r\000m\000a\000\347\000\343\000o}{subsection.3.2}% 37
\BOOKMARK [3][-]{subsubsection.3.2.3}{\376\377\000E\000x\000t\000r\000a\000\347\000\343\000o\000\040\000d\000o\000\040\000E\000x\000p\000e\000r\000i\000\352\000n\000c\000i\000a\000s\000\040\000P\000r\000o\000f\000i\000s\000s\000i\000o\000n\000a\000i\000s}{subsection.3.2}% 38
\BOOKMARK [3][-]{subsubsection.3.2.4}{\376\377\000N\000o\000r\000m\000a\000l\000i\000z\000a\000\347\000\343\000o\000\040\000d\000e\000\040\000O\000c\000u\000p\000a\000\347\000\365\000e\000s}{subsection.3.2}% 39
\BOOKMARK [3][-]{subsubsection.3.2.5}{\376\377\000R\000e\000m\000o\000\347\000\343\000o\000\040\000d\000e\000\040\000O\000c\000u\000p\000a\000\347\000\365\000e\000s\000\040\000I\000n\000c\000o\000r\000r\000e\000t\000a\000s}{subsection.3.2}% 40
\BOOKMARK [3][-]{subsubsection.3.2.6}{\376\377\000A\000g\000r\000u\000p\000a\000m\000e\000n\000t\000o\000\040\000d\000e\000\040\000O\000c\000u\000p\000a\000\347\000\365\000e\000s\000\040\000p\000o\000r\000\040\000C\000u\000r\000r\000\355\000c\000u\000l\000o}{subsection.3.2}% 41
\BOOKMARK [3][-]{subsubsection.3.2.7}{\376\377\000R\000e\000m\000o\000\347\000\343\000o\000\040\000d\000e\000\040\000E\000x\000p\000e\000r\000i\000\352\000n\000c\000i\000a\000s\000\040\000s\000e\000m\000\040\000C\000o\000n\000e\000x\000\343\000o\000\040\000o\000u\000\040\000S\000o\000b\000r\000e\000p\000o\000s\000t\000a\000s}{subsection.3.2}% 42
\BOOKMARK [3][-]{subsubsection.3.2.8}{\376\377\000R\000e\000m\000o\000\347\000\343\000o\000\040\000d\000e\000\040\000C\000u\000r\000r\000\355\000c\000u\000l\000o\000s\000\040\000p\000o\000r\000\040\000E\000x\000p\000e\000r\000i\000\352\000n\000c\000i\000a}{subsection.3.2}% 43
\BOOKMARK [3][-]{subsubsection.3.2.9}{\376\377\000G\000e\000r\000a\000\347\000\343\000o\000\040\000d\000e\000\040\000P\000a\000r\000e\000s\000\040\000d\000e\000\040\000E\000x\000p\000e\000r\000i\000\352\000n\000c\000i\000a}{subsection.3.2}% 44
\BOOKMARK [3][-]{subsubsection.3.2.10}{\376\377\000A\000g\000r\000u\000p\000a\000m\000e\000n\000t\000o\000\040\000d\000e\000\040\000P\000a\000r\000e\000s\000\040\000d\000e\000\040\000O\000c\000u\000p\000a\000\347\000\365\000e\000s}{subsection.3.2}% 45
\BOOKMARK [3][-]{subsubsection.3.2.11}{\376\377\000R\000e\000m\000o\000\347\000\343\000o\000\040\000d\000e\000\040\000P\000a\000r\000e\000s\000\040\000P\000o\000u\000c\000o\000\040\000F\000r\000e\000q\000u\000e\000n\000t\000e\000s}{subsection.3.2}% 46
\BOOKMARK [3][-]{subsubsection.3.2.12}{\376\377\000P\000o\000s\000i\000c\000i\000o\000n\000a\000m\000e\000n\000t\000o\000\040\000d\000o\000s\000\040\000V\000\351\000r\000t\000i\000c\000e\000s\000\040\000d\000o\000\040\000G\000r\000a\000f\000o}{subsection.3.2}% 47
\BOOKMARK [3][-]{subsubsection.3.2.13}{\376\377\000D\000e\000s\000c\000o\000b\000e\000r\000t\000a\000\040\000d\000e\000\040\000P\000r\000o\000t\000o\000-\000C\000a\000r\000r\000e\000i\000r\000a\000s}{subsection.3.2}% 48
\BOOKMARK [3][-]{subsubsection.3.2.14}{\376\377\000A\000g\000r\000u\000p\000a\000m\000e\000n\000t\000o\000\040\000d\000e\000\040\000O\000c\000u\000p\000a\000\347\000\365\000e\000s}{subsection.3.2}% 49
\BOOKMARK [3][-]{subsubsection.3.2.15}{\376\377\000R\000e\000m\000o\000\347\000\343\000o\000\040\000d\000e\000\040\000O\000c\000u\000p\000a\000\347\000\365\000e\000s\000\040\000c\000o\000m\000\040\000P\000o\000u\000c\000a\000\040\000F\000r\000e\000q\000u\000\352\000n\000c\000i\000a}{subsection.3.2}% 50
\BOOKMARK [3][-]{subsubsection.3.2.16}{\376\377\000C\000r\000i\000a\000\347\000\343\000o\000\040\000d\000e\000\040\000D\000i\000c\000i\000o\000n\000\341\000r\000i\000o\000\040\000p\000a\000r\000a\000\040\000E\000x\000i\000b\000i\000\347\000\343\000o}{subsection.3.2}% 51
\BOOKMARK [3][-]{subsubsection.3.2.17}{\376\377\000E\000x\000t\000r\000a\000\347\000\343\000o\000\040\000d\000e\000\040\000P\000a\000l\000a\000v\000r\000a\000s\000-\000C\000h\000a\000v\000e}{subsection.3.2}% 52
\BOOKMARK [3][-]{subsubsection.3.2.18}{\376\377\000G\000r\000a\000v\000a\000\347\000\343\000o\000\040\000d\000o\000\040\000A\000r\000q\000u\000i\000v\000o\000\040\000F\000i\000n\000a\000l}{subsection.3.2}% 53
\BOOKMARK [2][-]{subsection.3.3}{\376\377\000A\000t\000r\000i\000b\000u\000t\000o\000s\000\040\000d\000a\000s\000\040\000O\000c\000u\000p\000a\000\347\000\365\000e\000s}{section.3}% 54
\BOOKMARK [1][-]{section.4}{\376\377\000H\000I\000P\000\323\000T\000E\000S\000E\000S}{}% 55
\BOOKMARK [1][-]{section.5}{\376\377\000C\000R\000O\000N\000O\000G\000R\000A\000M\000A}{}% 56
\BOOKMARK [1][-]{section.6}{\376\377\000G\000e\000l\000a\000d\000e\000i\000r\000a}{}% 57
\BOOKMARK [2][-]{subsection.6.1}{\376\377\000A\000n\000\341\000l\000i\000s\000e\000\040\000d\000e\000\040\000c\000l\000a\000s\000s\000e\000\040\000d\000e\000\040\000o\000c\000u\000p\000a\000\347\000\365\000e\000s}{section.6}% 58
\BOOKMARK [2][-]{subsection.6.2}{\376\377\000I\000d\000e\000n\000t\000i\000f\000i\000c\000a\000\347\000\343\000o\000\040\000d\000e\000\040\000C\000a\000r\000r\000e\000i\000r\000a\000s}{section.6}% 59
\BOOKMARK [1][-]{section*.39}{\376\377\000R\000E\000F\000E\000R\000\312\000N\000C\000I\000A\000S\000\040\000B\000I\000B\000L\000I\000O\000G\000R\000\301\000F\000I\000C\000A\000S}{}% 60
